<?xml version="1.0" encoding="UTF-8"?>
<robot generator="Robot 7.1 (Python 3.12.6 on darwin)" generated="2025-09-06T21:59:56.554549" rpa="false" schemaversion="5">
<suite id="s1" name="Test Login" source="/Users/altaygencbay/Desktop/MOBILE/MOBILE TESTS/Android/TestCases/test_login.robot">
<test id="s1-t1" name="Valid Login Scenario" line="5">
<kw name="User opens the app" owner="login_steps">
<kw name="Open Application">
<msg time="2025-09-06T21:59:56.569954" level="FAIL">No keyword with name 'Open Application' found.</msg>
<arg>http://localhost:4723</arg>
<arg>platformName=Android</arg>
<arg>deviceName=emulator-5554</arg>
<arg>automationName=UiAutomator2</arg>
<arg>app=/Users/altaygencbay/Desktop/MOBILE/APKs/mda-2.2.0-25.apk</arg>
<arg>appPackage=com.saucelabs.mydemoapp.android</arg>
<arg>appActivity=com.saucelabs.mydemoapp.android.view.activities.SplashActivity</arg>
<arg>appWaitActivity=com.saucelabs.mydemoapp.android.view.activities.*</arg>
<arg>noReset=${False}</arg>
<status status="FAIL" start="2025-09-06T21:59:56.569942" elapsed="0.000030">No keyword with name 'Open Application' found.</status>
</kw>
<status status="FAIL" start="2025-09-06T21:59:56.569442" elapsed="0.000605">No keyword with name 'Open Application' found.</status>
</kw>
<kw name="User opens the menu" owner="login_steps">
<status status="NOT RUN" start="2025-09-06T21:59:56.570124" elapsed="0.000010"/>
</kw>
<kw name="User clicks login button" owner="login_steps">
<status status="NOT RUN" start="2025-09-06T21:59:56.570184" elapsed="0.000010"/>
</kw>
<kw name="User enters username" owner="login_steps">
<arg>bod@example.com</arg>
<status status="NOT RUN" start="2025-09-06T21:59:56.570235" elapsed="0.000007"/>
</kw>
<kw name="User enters password" owner="login_steps">
<arg>10203040</arg>
<status status="NOT RUN" start="2025-09-06T21:59:56.570280" elapsed="0.000006"/>
</kw>
<kw name="User clicks logout button" owner="login_steps">
<status status="NOT RUN" start="2025-09-06T21:59:56.570323" elapsed="0.000005"/>
</kw>
<kw name="App is closed" owner="login_steps">
<status status="NOT RUN" start="2025-09-06T21:59:56.570362" elapsed="0.000006"/>
</kw>
<status status="FAIL" start="2025-09-06T21:59:56.569201" elapsed="0.001215">No keyword with name 'Open Application' found.</status>
</test>
<test id="s1-t2" name="Invalid Login Scenario" line="14">
<kw name="User opens the app" owner="login_steps">
<kw name="Open Application">
<msg time="2025-09-06T21:59:56.570910" level="FAIL">No keyword with name 'Open Application' found.</msg>
<arg>http://localhost:4723</arg>
<arg>platformName=Android</arg>
<arg>deviceName=emulator-5554</arg>
<arg>automationName=UiAutomator2</arg>
<arg>app=/Users/altaygencbay/Desktop/MOBILE/APKs/mda-2.2.0-25.apk</arg>
<arg>appPackage=com.saucelabs.mydemoapp.android</arg>
<arg>appActivity=com.saucelabs.mydemoapp.android.view.activities.SplashActivity</arg>
<arg>appWaitActivity=com.saucelabs.mydemoapp.android.view.activities.*</arg>
<arg>noReset=${False}</arg>
<status status="FAIL" start="2025-09-06T21:59:56.570901" elapsed="0.000020">No keyword with name 'Open Application' found.</status>
</kw>
<status status="FAIL" start="2025-09-06T21:59:56.570579" elapsed="0.000381">No keyword with name 'Open Application' found.</status>
</kw>
<kw name="User opens the menu" owner="login_steps">
<status status="NOT RUN" start="2025-09-06T21:59:56.571016" elapsed="0.000006"/>
</kw>
<kw name="User clicks login button" owner="login_steps">
<status status="NOT RUN" start="2025-09-06T21:59:56.571061" elapsed="0.000007"/>
</kw>
<kw name="User enters username" owner="login_steps">
<arg>bod@example.com</arg>
<status status="NOT RUN" start="2025-09-06T21:59:56.571104" elapsed="0.000006"/>
</kw>
<kw name="User enters password" owner="login_steps">
<arg>wrongpassword</arg>
<status status="NOT RUN" start="2025-09-06T21:59:56.571145" elapsed="0.000006"/>
</kw>
<kw name="App is closed" owner="login_steps">
<status status="NOT RUN" start="2025-09-06T21:59:56.571189" elapsed="0.000006"/>
</kw>
<status status="FAIL" start="2025-09-06T21:59:56.570484" elapsed="0.000751">No keyword with name 'Open Application' found.</status>
</test>
<status status="FAIL" start="2025-09-06T21:59:56.555061" elapsed="0.016297"/>
</suite>
<statistics>
<total>
<stat pass="0" fail="2" skip="0">All Tests</stat>
</total>
<tag>
</tag>
<suite>
<stat pass="0" fail="2" skip="0" id="s1" name="Test Login">Test Login</stat>
</suite>
</statistics>
<errors>
<msg time="2025-09-06T21:59:56.568995" level="ERROR">Error in file '/Users/altaygencbay/Desktop/MOBILE/MOBILE TESTS/Android/StepDefinitions/login_steps.robot' on line 3: Importing library 'AppiumLibrary' failed: ModuleNotFoundError: No module named 'AppiumLibrary'
Traceback (most recent call last):
  None
PYTHONPATH:
  /Library/Frameworks/Python.framework/Versions/3.12/bin
  /Library/Frameworks/Python.framework/Versions/3.12/lib/python312.zip
  /Library/Frameworks/Python.framework/Versions/3.12/lib/python3.12
  /Library/Frameworks/Python.framework/Versions/3.12/lib/python3.12/lib-dynload
  /Library/Frameworks/Python.framework/Versions/3.12/lib/python3.12/site-packages</msg>
</errors>
</robot>
